<?xml version="1.0" encoding="UTF-8"?>
<!-- Generated by org.testng.reporters.JUnitReportReporter -->
<testsuite hostname="qdge61" name="test.example" tests="1" failures="0" timestamp="2 Jun 2015 07:05:38 GMT" time="16.881" errors="0">
  <testcase name="test" time="16.881" classname="test.example"/>
</testsuite> <!-- test.example -->
